# JRE version: Java(TM) SE Runtime Environment (8.0_172-b11) (build 1.8.0_172-b11)
# Java VM: Java HotSpot(TM) 64-Bit Server VM (25.172-b11 mixed mode bsd-amd64 compressed oops)
Heap:
 garbage-first heap   total 131072K, used 52999K [0x0000000780000000, 0x0000000780100400, 0x00000007c0000000)
  region size 1024K, 13 young (13312K), 1 survivors (1024K)
 Metaspace       used 65485K, capacity 68468K, committed 69400K, reserved 1110016K
  class space    used 7448K, capacity 8504K, committed 8728K, reserved 1048576K
GC Heap History (10 events):
Event: 25070.509 GC heap before
{Heap before GC invocations=41 (full 0):
 garbage-first heap   total 131072K, used 61502K [0x0000000780000000, 0x0000000780100400, 0x00000007c0000000)
  region size 1024K, 20 young (20480K), 1 survivors (1024K)
 Metaspace       used 65386K, capacity 68340K, committed 69144K, reserved 1110016K
  class space    used 7447K, capacity 8504K, committed 8728K, reserved 1048576K
Event: 25070.595 GC heap after
Heap after GC invocations=42 (full 0):
 garbage-first heap   total 131072K, used 42133K [0x0000000780000000, 0x0000000780100400, 0x00000007c0000000)
  region size 1024K, 1 young (1024K), 1 survivors (1024K)
 Metaspace       used 65386K, capacity 68340K, committed 69144K, reserved 1110016K
  class space    used 7447K, capacity 8504K, committed 8728K, reserved 1048576K
}
Event: 26777.289 GC heap before
{Heap before GC invocations=42 (full 0):
 garbage-first heap   total 131072K, used 71829K [0x0000000780000000, 0x0000000780100400, 0x00000007c0000000)
  region size 1024K, 30 young (30720K), 1 survivors (1024K)
 Metaspace       used 65484K, capacity 68468K, committed 69400K, reserved 1110016K
  class space    used 7448K, capacity 8504K, committed 8728K, reserved 1048576K
Event: 26777.346 GC heap after
Heap after GC invocations=43 (full 0):
 garbage-first heap   total 131072K, used 42183K [0x0000000780000000, 0x0000000780100400, 0x00000007c0000000)
  region size 1024K, 1 young (1024K), 1 survivors (1024K)
 Metaspace       used 65484K, capacity 68468K, committed 69400K, reserved 1110016K
  class space    used 7448K, capacity 8504K, committed 8728K, reserved 1048576K
}
Event: 30735.842 GC heap before
{Heap before GC invocations=43 (full 0):
 garbage-first heap   total 131072K, used 94407K [0x0000000780000000, 0x0000000780100400, 0x00000007c0000000)
  region size 1024K, 52 young (53248K), 1 survivors (1024K)
 Metaspace       used 65485K, capacity 68468K, committed 69400K, reserved 1110016K
  class space    used 7448K, capacity 8504K, committed 8728K, reserved 1048576K
Event: 30736.928 GC heap after
Heap after GC invocations=44 (full 0):
 garbage-first heap   total 131072K, used 42390K [0x0000000780000000, 0x0000000780100400, 0x00000007c0000000)
  region size 1024K, 1 young (1024K), 1 survivors (1024K)
 Metaspace       used 65485K, capacity 68468K, committed 69400K, reserved 1110016K
  class space    used 7448K, capacity 8504K, committed 8728K, reserved 1048576K
}
Event: 31122.329 GC heap before
{Heap before GC invocations=44 (full 0):
 garbage-first heap   total 131072K, used 47510K [0x0000000780000000, 0x0000000780100400, 0x00000007c0000000)
  region size 1024K, 6 young (6144K), 1 survivors (1024K)
 Metaspace       used 65485K, capacity 68468K, committed 69400K, reserved 1110016K
  class space    used 7448K, capacity 8504K, committed 8728K, reserved 1048576K
Event: 31122.411 GC heap after
Heap after GC invocations=45 (full 0):
 garbage-first heap   total 131072K, used 42252K [0x0000000780000000, 0x0000000780100400, 0x00000007c0000000)
  region size 1024K, 1 young (1024K), 1 survivors (1024K)
 Metaspace       used 65485K, capacity 68468K, committed 69400K, reserved 1110016K
  class space    used 7448K, capacity 8504K, committed 8728K, reserved 1048576K
}
Event: 31513.056 GC heap before
{Heap before GC invocations=45 (full 0):
 garbage-first heap   total 131072K, used 47372K [0x0000000780000000, 0x0000000780100400, 0x00000007c0000000)
  region size 1024K, 6 young (6144K), 1 survivors (1024K)
 Metaspace       used 65485K, capacity 68468K, committed 69400K, reserved 1110016K
  class space    used 7448K, capacity 8504K, committed 8728K, reserved 1048576K
Event: 31513.165 GC heap after
Heap after GC invocations=46 (full 0):
 garbage-first heap   total 131072K, used 41735K [0x0000000780000000, 0x0000000780100400, 0x00000007c0000000)
  region size 1024K, 1 young (1024K), 1 survivors (1024K)
 Metaspace       used 65485K, capacity 68468K, committed 69400K, reserved 1110016K
  class space    used 7448K, capacity 8504K, committed 8728K, reserved 1048576K
}

